<?xml version="1.0" encoding="UTF-8"?>
<testng-results skipped="0" failed="1" ignored="0" total="1" passed="0">
  <reporter-output>
  </reporter-output>
  <suite name="Default suite" duration-ms="104933" started-at="2020-04-19T17:24:17 IST" finished-at="2020-04-19T17:26:02 IST">
    <groups>
    </groups>
    <test name="Default test" duration-ms="104933" started-at="2020-04-19T17:24:17 IST" finished-at="2020-04-19T17:26:02 IST">
      <class name="com.aakash.qa.testcases.CustomerDetailsPageTest">
        <test-method status="PASS" signature="setup()[pri:0, instance:com.aakash.qa.testcases.CustomerDetailsPageTest@86be70a]" name="setup" is-config="true" duration-ms="26406" started-at="2020-04-19T17:24:18 IST" finished-at="2020-04-19T17:24:45 IST">
          <reporter-output>
          </reporter-output>
        </test-method> <!-- setup -->
        <test-method status="FAIL" signature="validateCheckOut(java.lang.String, java.lang.String, java.lang.String, java.lang.String, java.lang.String, java.lang.String, java.lang.String, java.lang.String, java.lang.String, java.lang.String, java.lang.String, java.lang.String)[pri:1, instance:com.aakash.qa.testcases.CustomerDetailsPageTest@86be70a]" name="validateCheckOut" duration-ms="77323" started-at="2020-04-19T17:24:45 IST" data-provider="getEngineeringData" finished-at="2020-04-19T17:26:02 IST">
          <params>
            <param index="0">
              <value>
                <![CDATA[11]]>
              </value>
            </param>
            <param index="1">
              <value>
                <![CDATA[Goa]]>
              </value>
            </param>
            <param index="2">
              <value>
                <![CDATA[Goa - Margao]]>
              </value>
            </param>
            <param index="3">
              <value>
                <![CDATA[Arun]]>
              </value>
            </param>
            <param index="4">
              <value>
                <![CDATA[Pandey]]>
              </value>
            </param>
            <param index="5">
              <value>
                <![CDATA[Ak Pandey]]>
              </value>
            </param>
            <param index="6">
              <value>
                <![CDATA[9560370108]]>
              </value>
            </param>
            <param index="7">
              <value>
                <![CDATA[arunpandey.pus@aesl.in]]>
              </value>
            </param>
            <param index="8">
              <value>
                <![CDATA[JKHouse- Plot 32 Pusa road]]>
              </value>
            </param>
            <param index="9">
              <value>
                <![CDATA[Noida]]>
              </value>
            </param>
            <param index="10">
              <value>
                <![CDATA[201305]]>
              </value>
            </param>
            <param index="11">
              <value>
                <![CDATA[Uttar Pradesh]]>
              </value>
            </param>
          </params>
          <exception class="org.openqa.selenium.ElementClickInterceptedException">
            <message>
              <![CDATA[element click intercepted: Element <input class="ga-paycontinue button button--primary js-form-submit form-submit" data-drupal-selector="edit-actions-next" type="submit" id="edit-actions-next" name="op" value="Continue"> is not clickable at point (1098, 19). Other element would receive the click: <a href="tel:...">1800-102-2727</a>
  (Session info: chrome=80.0.3987.163)
Build info: version: '4.0.0-alpha-4', revision: 'c2d955b49e'
System info: host: 'CORPLPTP000053', ip: '192.168.1.5', os.name: 'Windows 10', os.arch: 'amd64', os.version: '10.0', java.version: '1.8.0_201'
Driver info: org.openqa.selenium.chrome.ChromeDriver
Capabilities {acceptInsecureCerts: false, browserName: chrome, browserVersion: 80.0.3987.163, chrome: {chromedriverVersion: 79.0.3945.36 (3582db32b3389..., userDataDir: C:\Users\010645~1\AppData\L...}, goog:chromeOptions: {debuggerAddress: localhost:62316}, javascriptEnabled: true, networkConnectionEnabled: false, pageLoadStrategy: normal, platform: WINDOWS, platformName: WINDOWS, proxy: Proxy(), setWindowRect: true, strictFileInteractability: false, timeouts: {implicit: 0, pageLoad: 300000, script: 30000}, unhandledPromptBehavior: dismiss and notify}
Session ID: 8594c65ec5eb2f463b6e0dc9589993d6]]>
            </message>
            <full-stacktrace>
              <![CDATA[org.openqa.selenium.ElementClickInterceptedException: element click intercepted: Element <input class="ga-paycontinue button button--primary js-form-submit form-submit" data-drupal-selector="edit-actions-next" type="submit" id="edit-actions-next" name="op" value="Continue"> is not clickable at point (1098, 19). Other element would receive the click: <a href="tel:...">1800-102-2727</a>
  (Session info: chrome=80.0.3987.163)
Build info: version: '4.0.0-alpha-4', revision: 'c2d955b49e'
System info: host: 'CORPLPTP000053', ip: '192.168.1.5', os.name: 'Windows 10', os.arch: 'amd64', os.version: '10.0', java.version: '1.8.0_201'
Driver info: org.openqa.selenium.chrome.ChromeDriver
Capabilities {acceptInsecureCerts: false, browserName: chrome, browserVersion: 80.0.3987.163, chrome: {chromedriverVersion: 79.0.3945.36 (3582db32b3389..., userDataDir: C:\Users\010645~1\AppData\L...}, goog:chromeOptions: {debuggerAddress: localhost:62316}, javascriptEnabled: true, networkConnectionEnabled: false, pageLoadStrategy: normal, platform: WINDOWS, platformName: WINDOWS, proxy: Proxy(), setWindowRect: true, strictFileInteractability: false, timeouts: {implicit: 0, pageLoad: 300000, script: 30000}, unhandledPromptBehavior: dismiss and notify}
Session ID: 8594c65ec5eb2f463b6e0dc9589993d6
at sun.reflect.NativeConstructorAccessorImpl.newInstance0(Native Method)
at sun.reflect.NativeConstructorAccessorImpl.newInstance(Unknown Source)
at sun.reflect.DelegatingConstructorAccessorImpl.newInstance(Unknown Source)
at java.lang.reflect.Constructor.newInstance(Unknown Source)
at org.openqa.selenium.remote.codec.w3c.W3CHttpResponseCodec.createException(W3CHttpResponseCodec.java:196)
at org.openqa.selenium.remote.codec.w3c.W3CHttpResponseCodec.decode(W3CHttpResponseCodec.java:129)
at org.openqa.selenium.remote.codec.w3c.W3CHttpResponseCodec.decode(W3CHttpResponseCodec.java:53)
at org.openqa.selenium.remote.HttpCommandExecutor.execute(HttpCommandExecutor.java:161)
at org.openqa.selenium.remote.service.DriverCommandExecutor.execute(DriverCommandExecutor.java:83)
at org.openqa.selenium.remote.RemoteWebDriver.execute(RemoteWebDriver.java:582)
at org.openqa.selenium.remote.RemoteWebElement.execute(RemoteWebElement.java:316)
at org.openqa.selenium.remote.RemoteWebElement.click(RemoteWebElement.java:85)
at sun.reflect.NativeMethodAccessorImpl.invoke0(Native Method)
at sun.reflect.NativeMethodAccessorImpl.invoke(Unknown Source)
at sun.reflect.DelegatingMethodAccessorImpl.invoke(Unknown Source)
at java.lang.reflect.Method.invoke(Unknown Source)
at org.openqa.selenium.support.pagefactory.internal.LocatingElementHandler.invoke(LocatingElementHandler.java:52)
at com.sun.proxy.$Proxy13.click(Unknown Source)
at com.aakash.qa.pages.CustomerDetailsPage.fill_shipping_information(CustomerDetailsPage.java:214)
at com.aakash.qa.testcases.CustomerDetailsPageTest.validateCheckOut(CustomerDetailsPageTest.java:78)
at sun.reflect.NativeMethodAccessorImpl.invoke0(Native Method)
at sun.reflect.NativeMethodAccessorImpl.invoke(Unknown Source)
at sun.reflect.DelegatingMethodAccessorImpl.invoke(Unknown Source)
at java.lang.reflect.Method.invoke(Unknown Source)
at org.testng.internal.MethodInvocationHelper.invokeMethod(MethodInvocationHelper.java:134)
at org.testng.internal.TestInvoker.invokeMethod(TestInvoker.java:597)
at org.testng.internal.TestInvoker.invokeTestMethod(TestInvoker.java:173)
at org.testng.internal.MethodRunner.runInSequence(MethodRunner.java:46)
at org.testng.internal.TestInvoker$MethodInvocationAgent.invoke(TestInvoker.java:816)
at org.testng.internal.TestInvoker.invokeTestMethods(TestInvoker.java:146)
at org.testng.internal.TestMethodWorker.invokeTestMethods(TestMethodWorker.java:146)
at org.testng.internal.TestMethodWorker.run(TestMethodWorker.java:128)
at java.util.ArrayList.forEach(Unknown Source)
at org.testng.TestRunner.privateRun(TestRunner.java:766)
at org.testng.TestRunner.run(TestRunner.java:587)
at org.testng.SuiteRunner.runTest(SuiteRunner.java:384)
at org.testng.SuiteRunner.runSequentially(SuiteRunner.java:378)
at org.testng.SuiteRunner.privateRun(SuiteRunner.java:337)
at org.testng.SuiteRunner.run(SuiteRunner.java:286)
at org.testng.SuiteRunnerWorker.runSuite(SuiteRunnerWorker.java:53)
at org.testng.SuiteRunnerWorker.run(SuiteRunnerWorker.java:96)
at org.testng.TestNG.runSuitesSequentially(TestNG.java:1187)
at org.testng.TestNG.runSuitesLocally(TestNG.java:1109)
at org.testng.TestNG.runSuites(TestNG.java:1039)
at org.testng.TestNG.run(TestNG.java:1007)
at org.testng.remote.AbstractRemoteTestNG.run(AbstractRemoteTestNG.java:115)
at org.testng.remote.RemoteTestNG.initAndRun(RemoteTestNG.java:251)
at org.testng.remote.RemoteTestNG.main(RemoteTestNG.java:77)
]]>
            </full-stacktrace>
          </exception> <!-- org.openqa.selenium.ElementClickInterceptedException -->
          <reporter-output>
          </reporter-output>
        </test-method> <!-- validateCheckOut -->
      </class> <!-- com.aakash.qa.testcases.CustomerDetailsPageTest -->
    </test> <!-- Default test -->
  </suite> <!-- Default suite -->
</testng-results>
