<?xml version="1.0" encoding="UTF-8"?>
<testng-results skipped="0" failed="0" ignored="0" total="1" passed="1">
  <reporter-output>
  </reporter-output>
  <suite name="Default suite" duration-ms="91923" started-at="2020-04-15T23:21:54 IST" finished-at="2020-04-15T23:23:26 IST">
    <groups>
    </groups>
    <test name="Default test" duration-ms="91923" started-at="2020-04-15T23:21:54 IST" finished-at="2020-04-15T23:23:26 IST">
      <class name="com.aakash.qa.testcases.CustomerDetailsPageTest">
        <test-method status="PASS" signature="setup()[pri:0, instance:com.aakash.qa.testcases.CustomerDetailsPageTest@86be70a]" name="setup" is-config="true" duration-ms="27984" started-at="2020-04-15T23:21:55 IST" finished-at="2020-04-15T23:22:23 IST">
          <reporter-output>
          </reporter-output>
        </test-method> <!-- setup -->
        <test-method status="PASS" signature="validateCheckOut(java.lang.String, java.lang.String, java.lang.String, java.lang.String, java.lang.String)[pri:1, instance:com.aakash.qa.testcases.CustomerDetailsPageTest@86be70a]" name="validateCheckOut" duration-ms="62924" started-at="2020-04-15T23:22:23 IST" data-provider="getEngineeringData" finished-at="2020-04-15T23:23:26 IST">
          <params>
            <param index="0">
              <value>
                <![CDATA[11]]>
              </value>
            </param>
            <param index="1">
              <value>
                <![CDATA[Goa]]>
              </value>
            </param>
            <param index="2">
              <value>
                <![CDATA[Goa - Margao]]>
              </value>
            </param>
            <param index="3">
              <value>
                <![CDATA[Arun]]>
              </value>
            </param>
            <param index="4">
              <value>
                <![CDATA[Pandey]]>
              </value>
            </param>
          </params>
          <reporter-output>
          </reporter-output>
        </test-method> <!-- validateCheckOut -->
      </class> <!-- com.aakash.qa.testcases.CustomerDetailsPageTest -->
    </test> <!-- Default test -->
  </suite> <!-- Default suite -->
</testng-results>
