<?xml version="1.0" encoding="UTF-8"?>
<testng-results skipped="0" failed="0" ignored="0" total="1" passed="1">
  <reporter-output>
  </reporter-output>
  <suite name="Default suite" duration-ms="73607" started-at="2020-04-01T16:24:26 IST" finished-at="2020-04-01T16:25:39 IST">
    <groups>
    </groups>
    <test name="Default test" duration-ms="73607" started-at="2020-04-01T16:24:26 IST" finished-at="2020-04-01T16:25:39 IST">
      <class name="com.aakash.qa.testcases.CartPageTest">
        <test-method status="PASS" signature="setup()[pri:0, instance:com.aakash.qa.testcases.CartPageTest@480bdb19]" name="setup" is-config="true" duration-ms="32512" started-at="2020-04-01T16:24:27 IST" finished-at="2020-04-01T16:24:59 IST">
          <reporter-output>
          </reporter-output>
        </test-method> <!-- setup -->
        <test-method status="PASS" signature="validateCheckOut(java.lang.String, java.lang.String, java.lang.String)[pri:1, instance:com.aakash.qa.testcases.CartPageTest@480bdb19]" name="validateCheckOut" duration-ms="39187" started-at="2020-04-01T16:24:59 IST" data-provider="getEngineeringData" finished-at="2020-04-01T16:25:38 IST">
          <params>
            <param index="0">
              <value>
                <![CDATA[11]]>
              </value>
            </param>
            <param index="1">
              <value>
                <![CDATA[Goa]]>
              </value>
            </param>
            <param index="2">
              <value>
                <![CDATA[Goa - Margao]]>
              </value>
            </param>
          </params>
          <reporter-output>
          </reporter-output>
        </test-method> <!-- validateCheckOut -->
        <test-method status="PASS" signature="tearDown()[pri:0, instance:com.aakash.qa.testcases.CartPageTest@480bdb19]" name="tearDown" is-config="true" duration-ms="959" started-at="2020-04-01T16:25:39 IST" finished-at="2020-04-01T16:25:39 IST">
          <reporter-output>
          </reporter-output>
        </test-method> <!-- tearDown -->
      </class> <!-- com.aakash.qa.testcases.CartPageTest -->
    </test> <!-- Default test -->
  </suite> <!-- Default suite -->
</testng-results>
